import * as tslib_1 from "tslib";
import { h } from '../app.core.js';
import { a as matchPath, d as matchesAreEqual, c as ActiveRouter, e as storageAvailable, f as canUseDOM, g as supportsHistory, h as supportsPopStateOnHashChange, i as getConfirmation, j as stripTrailingSlash, k as addLeadingSlash, l as hasBasename, m as stripBasename, n as createLocation, o as createKey, p as isExtraneousPopstateEvent, q as createPath, r as addEventListener, s as removeEventListener, t as stripLeadingSlash, u as supportsGoWithoutReloadUsingHash, v as locationsAreEqual } from './chunk-7bb46692.js';
var AppRoot = /** @class */ (function () {
    function AppRoot() {
    }
    AppRoot.prototype.render = function () {
        return (h("div", null, h("header", null, h("h1", null, "Stencil App Starter")), h("main", null, h("stencil-router", { historyType: "hash" }, h("stencil-route-switch", { scrollTopOffset: 0 }, h("stencil-route", { url: '/', component: 'app-home', exact: true }), h("stencil-route", { url: '/profile/:name', component: 'app-profile' }))))));
    };
    Object.defineProperty(AppRoot, "is", {
        get: function () { return "app-root"; },
        enumerable: true,
        configurable: true
    });
    Object.defineProperty(AppRoot, "encapsulation", {
        get: function () { return "shadow"; },
        enumerable: true,
        configurable: true
    });
    Object.defineProperty(AppRoot, "style", {
        get: function () { return "/**style-placeholder:app-root:**/"; },
        enumerable: true,
        configurable: true
    });
    return AppRoot;
}());
var __awaiter = (undefined && undefined.__awaiter) || function (thisArg, _arguments, P, generator) {
    return new (P || (P = Promise))(function (resolve, reject) {
        function fulfilled(value) {
            try {
                step(generator.next(value));
            }
            catch (e) {
                reject(e);
            }
        }
        function rejected(value) {
            try {
                step(generator["throw"](value));
            }
            catch (e) {
                reject(e);
            }
        }
        function step(result) { result.done ? resolve(result.value) : new P(function (resolve) { resolve(result.value); }).then(fulfilled, rejected); }
        step((generator = generator.apply(thisArg, _arguments || [])).next());
    });
};
var Route = /** @class */ (function () {
    function Route() {
        this.group = null;
        this.match = null;
        this.componentProps = {};
        this.exact = false;
        this.scrollOnNextRender = false;
        this.previousMatch = null;
    }
    Route.prototype.computeMatch = function (newLocation) {
        var isGrouped = this.group != null || (this.el.parentElement != null && this.el.parentElement.tagName.toLowerCase() === "stencil-route-switch");
        if (!newLocation || isGrouped) {
            return;
        }
        this.previousMatch = this.match;
        return this.match = matchPath(newLocation.pathname, {
            path: this.url,
            exact: this.exact,
            strict: true
        });
    };
    Route.prototype.loadCompleted = function () {
        return __awaiter(this, void 0, void 0, function () {
            var routeViewOptions;
            return tslib_1.__generator(this, function (_a) {
                routeViewOptions = {};
                if (this.history && this.history.location.hash) {
                    routeViewOptions = {
                        scrollToId: this.history.location.hash.substr(1)
                    };
                }
                else if (this.scrollTopOffset) {
                    routeViewOptions = {
                        scrollTopOffset: this.scrollTopOffset
                    };
                }
                if (typeof this.componentUpdated === "function") {
                    this.componentUpdated(routeViewOptions);
                }
                else if (this.match && !matchesAreEqual(this.match, this.previousMatch) && this.routeViewsUpdated) {
                    this.routeViewsUpdated(routeViewOptions);
                }
                return [2 /*return*/];
            });
        });
    };
    Route.prototype.componentDidUpdate = function () {
        return __awaiter(this, void 0, void 0, function () {
            return tslib_1.__generator(this, function (_a) {
                switch (_a.label) {
                    case 0: return [4 /*yield*/, this.loadCompleted()];
                    case 1:
                        _a.sent();
                        return [2 /*return*/];
                }
            });
        });
    };
    Route.prototype.componentDidLoad = function () {
        return __awaiter(this, void 0, void 0, function () {
            return tslib_1.__generator(this, function (_a) {
                switch (_a.label) {
                    case 0: return [4 /*yield*/, this.loadCompleted()];
                    case 1:
                        _a.sent();
                        return [2 /*return*/];
                }
            });
        });
    };
    Route.prototype.render = function () {
        if (!this.match || !this.history) {
            return null;
        }
        var childProps = Object.assign({}, this.componentProps, { history: this.history, match: this.match });
        if (this.routeRender) {
            return this.routeRender(Object.assign({}, childProps, { component: this.component }));
        }
        if (this.component) {
            var ChildComponent = this.component;
            return (h(ChildComponent, Object.assign({}, childProps)));
        }
    };
    Object.defineProperty(Route, "is", {
        get: function () { return "stencil-route"; },
        enumerable: true,
        configurable: true
    });
    Object.defineProperty(Route, "properties", {
        get: function () {
            return {
                "component": {
                    "type": String,
                    "attr": "component"
                },
                "componentProps": {
                    "type": "Any",
                    "attr": "component-props"
                },
                "componentUpdated": {
                    "type": "Any",
                    "attr": "component-updated"
                },
                "el": {
                    "elementRef": true
                },
                "exact": {
                    "type": Boolean,
                    "attr": "exact"
                },
                "group": {
                    "type": String,
                    "attr": "group",
                    "reflectToAttr": true
                },
                "history": {
                    "type": "Any",
                    "attr": "history"
                },
                "historyType": {
                    "type": String,
                    "attr": "history-type"
                },
                "location": {
                    "type": "Any",
                    "attr": "location",
                    "watchCallbacks": ["computeMatch"]
                },
                "match": {
                    "type": "Any",
                    "attr": "match",
                    "mutable": true
                },
                "routeRender": {
                    "type": "Any",
                    "attr": "route-render"
                },
                "routeViewsUpdated": {
                    "type": "Any",
                    "attr": "route-views-updated"
                },
                "scrollTopOffset": {
                    "type": Number,
                    "attr": "scroll-top-offset"
                },
                "url": {
                    "type": String,
                    "attr": "url"
                }
            };
        },
        enumerable: true,
        configurable: true
    });
    Object.defineProperty(Route, "style", {
        get: function () { return "/**style-placeholder:stencil-route:**/"; },
        enumerable: true,
        configurable: true
    });
    return Route;
}());
ActiveRouter.injectProps(Route, [
    "location",
    "history",
    "historyType",
    "routeViewsUpdated"
]);
function uuidv4() {
    return ([1e7].toString() + -1e3.toString() + -4e3.toString() + -8e3.toString() + -1e11.toString()).replace(/[018]/g, function (c) {
        var random = window.crypto.getRandomValues(new Uint8Array(1));
        return (c ^ random[0] & 15 >> c / 4).toString(16);
    });
}
var __awaiter$1 = (undefined && undefined.__awaiter) || function (thisArg, _arguments, P, generator) {
    return new (P || (P = Promise))(function (resolve, reject) {
        function fulfilled(value) {
            try {
                step(generator.next(value));
            }
            catch (e) {
                reject(e);
            }
        }
        function rejected(value) {
            try {
                step(generator["throw"](value));
            }
            catch (e) {
                reject(e);
            }
        }
        function step(result) { result.done ? resolve(result.value) : new P(function (resolve) { resolve(result.value); }).then(fulfilled, rejected); }
        step((generator = generator.apply(thisArg, _arguments || [])).next());
    });
};
function getUniqueId() {
    if (window.crypto) {
        return uuidv4();
    }
    return ((Math.random() * 100000000000000000).toString().match(/.{4}/g) || []).join("-");
}
function getMatch(pathname, url, exact) {
    return matchPath(pathname, {
        path: url,
        exact: exact,
        strict: true
    });
}
function isHTMLStencilRouteElement(element) {
    return element.tagName.toLowerCase() === "stencil-route";
}
var RouteSwitch = /** @class */ (function () {
    function RouteSwitch() {
        this.group = getUniqueId();
        this.subscribers = [];
    }
    RouteSwitch.prototype.componentWillLoad = function () {
        if (this.location != null) {
            this.regenerateSubscribers(this.location);
        }
    };
    RouteSwitch.prototype.regenerateSubscribers = function (newLocation) {
        return __awaiter$1(this, void 0, void 0, function () {
            var newActiveIndex, activeChild;
            var _this = this;
            return tslib_1.__generator(this, function (_a) {
                if (newLocation == null) {
                    return [2 /*return*/];
                }
                newActiveIndex = -1;
                this.subscribers = Array.prototype.slice.call(this.el.children)
                    .filter(isHTMLStencilRouteElement)
                    .map(function (childElement, index) {
                    var match = getMatch(newLocation.pathname, childElement.url, childElement.exact);
                    if (match && newActiveIndex === -1) {
                        newActiveIndex = index;
                    }
                    return {
                        el: childElement,
                        match: match
                    };
                });
                if (newActiveIndex === -1) {
                    return [2 /*return*/];
                }
                if (this.activeIndex === newActiveIndex) {
                    this.subscribers[newActiveIndex].el.match = this.subscribers[newActiveIndex].match;
                    return [2 /*return*/];
                }
                this.activeIndex = newActiveIndex;
                activeChild = this.subscribers[this.activeIndex];
                if (this.scrollTopOffset) {
                    activeChild.el.scrollTopOffset = this.scrollTopOffset;
                }
                activeChild.el.group = this.group;
                activeChild.el.match = activeChild.match;
                activeChild.el.componentUpdated = function (routeViewUpdatedOptions) {
                    _this.queue.write(function () {
                        _this.subscribers.forEach(function (child, index) {
                            child.el.componentUpdated = undefined;
                            if (index === _this.activeIndex) {
                                return child.el.style.display = "";
                            }
                            if (_this.scrollTopOffset) {
                                child.el.scrollTopOffset = _this.scrollTopOffset;
                            }
                            child.el.group = _this.group;
                            child.el.match = null;
                            child.el.style.display = "none";
                        });
                    });
                    if (_this.routeViewsUpdated) {
                        _this.routeViewsUpdated(Object.assign({ scrollTopOffset: _this.scrollTopOffset }, routeViewUpdatedOptions));
                    }
                };
                return [2 /*return*/];
            });
        });
    };
    RouteSwitch.prototype.render = function () {
        return (h("slot", null));
    };
    Object.defineProperty(RouteSwitch, "is", {
        get: function () { return "stencil-route-switch"; },
        enumerable: true,
        configurable: true
    });
    Object.defineProperty(RouteSwitch, "properties", {
        get: function () {
            return {
                "el": {
                    "elementRef": true
                },
                "group": {
                    "type": String,
                    "attr": "group",
                    "reflectToAttr": true
                },
                "location": {
                    "type": "Any",
                    "attr": "location",
                    "watchCallbacks": ["regenerateSubscribers"]
                },
                "queue": {
                    "context": "queue"
                },
                "routeViewsUpdated": {
                    "type": "Any",
                    "attr": "route-views-updated"
                },
                "scrollTopOffset": {
                    "type": Number,
                    "attr": "scroll-top-offset"
                }
            };
        },
        enumerable: true,
        configurable: true
    });
    return RouteSwitch;
}());
ActiveRouter.injectProps(RouteSwitch, [
    "location",
    "routeViewsUpdated"
]);
function invariant(value) {
    var args = [];
    for (var _i = 1; _i < arguments.length; _i++) {
        args[_i - 1] = arguments[_i];
    }
    if (!value) {
        console.error.apply(console, args);
    }
}
function warning(value) {
    var args = [];
    for (var _i = 1; _i < arguments.length; _i++) {
        args[_i - 1] = arguments[_i];
    }
    if (!value) {
        console.warn.apply(console, args);
    }
}
var createTransitionManager = function () {
    var prompt;
    var setPrompt = function (nextPrompt) {
        warning(prompt == null, 'A history supports only one prompt at a time');
        prompt = nextPrompt;
        return function () {
            if (prompt === nextPrompt) {
                prompt = null;
            }
        };
    };
    var confirmTransitionTo = function (location, action, getUserConfirmation, callback) {
        if (prompt != null) {
            var result = typeof prompt === 'function' ? prompt(location, action) : prompt;
            if (typeof result === 'string') {
                if (typeof getUserConfirmation === 'function') {
                    getUserConfirmation(result, callback);
                }
                else {
                    warning(false, 'A history needs a getUserConfirmation function in order to use a prompt message');
                    callback(true);
                }
            }
            else {
                callback(result !== false);
            }
        }
        else {
            callback(true);
        }
    };
    var listeners = [];
    var appendListener = function (fn) {
        var isActive = true;
        var listener = function () {
            var args = [];
            for (var _i = 0; _i < arguments.length; _i++) {
                args[_i] = arguments[_i];
            }
            if (isActive) {
                fn.apply(void 0, args);
            }
        };
        listeners.push(listener);
        return function () {
            isActive = false;
            listeners = listeners.filter(function (item) { return item !== listener; });
        };
    };
    var notifyListeners = function () {
        var args = [];
        for (var _i = 0; _i < arguments.length; _i++) {
            args[_i] = arguments[_i];
        }
        listeners.forEach(function (listener) { return listener.apply(void 0, args); });
    };
    return {
        setPrompt: setPrompt,
        confirmTransitionTo: confirmTransitionTo,
        appendListener: appendListener,
        notifyListeners: notifyListeners
    };
};
var createScrollHistory = function (applicationScrollKey) {
    if (applicationScrollKey === void 0) { applicationScrollKey = 'scrollPositions'; }
    var scrollPositions = new Map();
    if (storageAvailable('sessionStorage')) {
        var scrollData = window.sessionStorage.getItem(applicationScrollKey);
        scrollPositions = scrollData ?
            new Map(JSON.parse(scrollData)) :
            scrollPositions;
    }
    if ('scrollRestoration' in history) {
        history.scrollRestoration = 'manual';
    }
    function set(key, value) {
        scrollPositions.set(key, value);
        if (storageAvailable('sessionStorage')) {
            var arrayData_1 = [];
            scrollPositions.forEach(function (value, key) {
                arrayData_1.push([key, value]);
            });
            window.sessionStorage.setItem('scrollPositions', JSON.stringify(arrayData_1));
        }
    }
    function get(key) {
        return scrollPositions.get(key);
    }
    function has(key) {
        return scrollPositions.has(key);
    }
    function capture(key) {
        set(key, [window.scrollX, window.scrollY]);
    }
    return {
        set: set,
        get: get,
        has: has,
        capture: capture
    };
};
var PopStateEvent = 'popstate';
var HashChangeEvent = 'hashchange';
var getHistoryState = function () {
    try {
        return window.history.state || {};
    }
    catch (e) {
        return {};
    }
};
var createBrowserHistory = function (props) {
    if (props === void 0) { props = {}; }
    invariant(canUseDOM, 'Browser history needs a DOM');
    var globalHistory = window.history;
    var canUseHistory = supportsHistory();
    var needsHashChangeListener = !supportsPopStateOnHashChange();
    var scrollHistory = createScrollHistory();
    var forceRefresh = (props.forceRefresh != null) ? props.forceRefresh : false;
    var getUserConfirmation = (props.getUserConfirmation != null) ? props.getUserConfirmation : getConfirmation;
    var keyLength = (props.keyLength != null) ? props.keyLength : 6;
    var basename = props.basename ? stripTrailingSlash(addLeadingSlash(props.basename)) : '';
    var getDOMLocation = function (historyState) {
        historyState = historyState || {};
        var key = historyState.key, state = historyState.state;
        var _a = window.location, pathname = _a.pathname, search = _a.search, hash = _a.hash;
        var path = pathname + search + hash;
        warning((!basename || hasBasename(path, basename)), 'You are attempting to use a basename on a page whose URL path does not begin ' +
            'with the basename. Expected path "' + path + '" to begin with "' + basename + '".');
        if (basename) {
            path = stripBasename(path, basename);
        }
        return createLocation(path, state, key || createKey(keyLength));
    };
    var transitionManager = createTransitionManager();
    var setState = function (nextState) {
        scrollHistory.capture(history.location.key);
        Object.assign(history, nextState);
        history.location.scrollPosition = scrollHistory.get(history.location.key);
        history.length = globalHistory.length;
        transitionManager.notifyListeners(history.location, history.action);
    };
    var handlePopState = function (event) {
        if (isExtraneousPopstateEvent(event)) {
            return;
        }
        handlePop(getDOMLocation(event.state));
    };
    var handleHashChange = function () {
        handlePop(getDOMLocation(getHistoryState()));
    };
    var forceNextPop = false;
    var handlePop = function (location) {
        if (forceNextPop) {
            forceNextPop = false;
            setState();
        }
        else {
            var action_1 = 'POP';
            transitionManager.confirmTransitionTo(location, action_1, getUserConfirmation, function (ok) {
                if (ok) {
                    setState({ action: action_1, location: location });
                }
                else {
                    revertPop(location);
                }
            });
        }
    };
    var revertPop = function (fromLocation) {
        var toLocation = history.location;
        var toIndex = allKeys.indexOf(toLocation.key);
        if (toIndex === -1) {
            toIndex = 0;
        }
        var fromIndex = allKeys.indexOf(fromLocation.key);
        if (fromIndex === -1) {
            fromIndex = 0;
        }
        var delta = toIndex - fromIndex;
        if (delta) {
            forceNextPop = true;
            go(delta);
        }
    };
    var initialLocation = getDOMLocation(getHistoryState());
    var allKeys = [initialLocation.key];
    var createHref = function (location) {
        return basename + createPath(location);
    };
    var push = function (path, state) {
        warning(!(typeof path === 'object' && path.state !== undefined && state !== undefined), 'You should avoid providing a 2nd state argument to push when the 1st ' +
            'argument is a location-like object that already has state; it is ignored');
        var action = 'PUSH';
        var location = createLocation(path, state, createKey(keyLength), history.location);
        transitionManager.confirmTransitionTo(location, action, getUserConfirmation, function (ok) {
            if (!ok) {
                return;
            }
            var href = createHref(location);
            var key = location.key, state = location.state;
            if (canUseHistory) {
                globalHistory.pushState({ key: key, state: state }, undefined, href);
                if (forceRefresh) {
                    window.location.href = href;
                }
                else {
                    var prevIndex = allKeys.indexOf(history.location.key);
                    var nextKeys = allKeys.slice(0, prevIndex === -1 ? 0 : prevIndex + 1);
                    nextKeys.push(location.key);
                    allKeys = nextKeys;
                    setState({ action: action, location: location });
                }
            }
            else {
                warning(state === undefined, 'Browser history cannot push state in browsers that do not support HTML5 history');
                window.location.href = href;
            }
        });
    };
    var replace = function (path, state) {
        warning(!(typeof path === 'object' && path.state !== undefined && state !== undefined), 'You should avoid providing a 2nd state argument to replace when the 1st ' +
            'argument is a location-like object that already has state; it is ignored');
        var action = 'REPLACE';
        var location = createLocation(path, state, createKey(keyLength), history.location);
        transitionManager.confirmTransitionTo(location, action, getUserConfirmation, function (ok) {
            if (!ok) {
                return;
            }
            var href = createHref(location);
            var key = location.key, state = location.state;
            if (canUseHistory) {
                globalHistory.replaceState({ key: key, state: state }, undefined, href);
                if (forceRefresh) {
                    window.location.replace(href);
                }
                else {
                    var prevIndex = allKeys.indexOf(history.location.key);
                    if (prevIndex !== -1) {
                        allKeys[prevIndex] = location.key;
                    }
                    setState({ action: action, location: location });
                }
            }
            else {
                warning(state === undefined, 'Browser history cannot replace state in browsers that do not support HTML5 history');
                window.location.replace(href);
            }
        });
    };
    var go = function (n) {
        globalHistory.go(n);
    };
    var goBack = function () { return go(-1); };
    var goForward = function () { return go(1); };
    var listenerCount = 0;
    var checkDOMListeners = function (delta) {
        listenerCount += delta;
        if (listenerCount === 1) {
            addEventListener(window, PopStateEvent, handlePopState);
            if (needsHashChangeListener) {
                addEventListener(window, HashChangeEvent, handleHashChange);
            }
        }
        else if (listenerCount === 0) {
            removeEventListener(window, PopStateEvent, handlePopState);
            if (needsHashChangeListener) {
                removeEventListener(window, HashChangeEvent, handleHashChange);
            }
        }
    };
    var isBlocked = false;
    var block = function (prompt) {
        if (prompt === void 0) { prompt = ''; }
        var unblock = transitionManager.setPrompt(prompt);
        if (!isBlocked) {
            checkDOMListeners(1);
            isBlocked = true;
        }
        return function () {
            if (isBlocked) {
                isBlocked = false;
                checkDOMListeners(-1);
            }
            return unblock();
        };
    };
    var listen = function (listener) {
        var unlisten = transitionManager.appendListener(listener);
        checkDOMListeners(1);
        return function () {
            checkDOMListeners(-1);
            unlisten();
        };
    };
    var history = {
        length: globalHistory.length,
        action: 'POP',
        location: initialLocation,
        createHref: createHref,
        push: push,
        replace: replace,
        go: go,
        goBack: goBack,
        goForward: goForward,
        block: block,
        listen: listen
    };
    return history;
};
var HashChangeEvent$1 = 'hashchange';
var HashPathCoders = {
    hashbang: {
        encodePath: function (path) { return path.charAt(0) === '!' ? path : '!/' + stripLeadingSlash(path); },
        decodePath: function (path) { return path.charAt(0) === '!' ? path.substr(1) : path; }
    },
    noslash: {
        encodePath: stripLeadingSlash,
        decodePath: addLeadingSlash
    },
    slash: {
        encodePath: addLeadingSlash,
        decodePath: addLeadingSlash
    }
};
var getHashPath = function () {
    var href = window.location.href;
    var hashIndex = href.indexOf('#');
    return hashIndex === -1 ? '' : href.substring(hashIndex + 1);
};
var pushHashPath = function (path) { return (window.location.hash = path); };
var replaceHashPath = function (path) {
    var hashIndex = window.location.href.indexOf('#');
    window.location.replace(window.location.href.slice(0, hashIndex >= 0 ? hashIndex : 0) + '#' + path);
};
var createHashHistory = function (props) {
    if (props === void 0) { props = {}; }
    invariant(canUseDOM, 'Hash history needs a DOM');
    var globalHistory = window.history;
    var canGoWithoutReload = supportsGoWithoutReloadUsingHash();
    var keyLength = (props.keyLength != null) ? props.keyLength : 6;
    var _a = props.getUserConfirmation, getUserConfirmation = _a === void 0 ? getConfirmation : _a, _b = props.hashType, hashType = _b === void 0 ? 'slash' : _b;
    var basename = props.basename ? stripTrailingSlash(addLeadingSlash(props.basename)) : '';
    var _c = HashPathCoders[hashType], encodePath = _c.encodePath, decodePath = _c.decodePath;
    var getDOMLocation = function () {
        var path = decodePath(getHashPath());
        warning((!basename || hasBasename(path, basename)), 'You are attempting to use a basename on a page whose URL path does not begin ' +
            'with the basename. Expected path "' + path + '" to begin with "' + basename + '".');
        if (basename) {
            path = stripBasename(path, basename);
        }
        return createLocation(path, undefined, createKey(keyLength));
    };
    var transitionManager = createTransitionManager();
    var setState = function (nextState) {
        Object.assign(history, nextState);
        history.length = globalHistory.length;
        transitionManager.notifyListeners(history.location, history.action);
    };
    var forceNextPop = false;
    var ignorePath = null;
    var handleHashChange = function () {
        var path = getHashPath();
        var encodedPath = encodePath(path);
        if (path !== encodedPath) {
            replaceHashPath(encodedPath);
        }
        else {
            var location = getDOMLocation();
            var prevLocation = history.location;
            if (!forceNextPop && locationsAreEqual(prevLocation, location)) {
                return;
            }
            if (ignorePath === createPath(location)) {
                return;
            }
            ignorePath = null;
            handlePop(location);
        }
    };
    var handlePop = function (location) {
        if (forceNextPop) {
            forceNextPop = false;
            setState();
        }
        else {
            var action_2 = 'POP';
            transitionManager.confirmTransitionTo(location, action_2, getUserConfirmation, function (ok) {
                if (ok) {
                    setState({ action: action_2, location: location });
                }
                else {
                    revertPop(location);
                }
            });
        }
    };
    var revertPop = function (fromLocation) {
        var toLocation = history.location;
        var toIndex = allPaths.lastIndexOf(createPath(toLocation));
        if (toIndex === -1) {
            toIndex = 0;
        }
        var fromIndex = allPaths.lastIndexOf(createPath(fromLocation));
        if (fromIndex === -1) {
            fromIndex = 0;
        }
        var delta = toIndex - fromIndex;
        if (delta) {
            forceNextPop = true;
            go(delta);
        }
    };
    var path = getHashPath();
    var encodedPath = encodePath(path);
    if (path !== encodedPath) {
        replaceHashPath(encodedPath);
    }
    var initialLocation = getDOMLocation();
    var allPaths = [createPath(initialLocation)];
    var createHref = function (location) { return ('#' + encodePath(basename + createPath(location))); };
    var push = function (path, state) {
        warning(state === undefined, 'Hash history cannot push state; it is ignored');
        var action = 'PUSH';
        var location = createLocation(path, undefined, createKey(keyLength), history.location);
        transitionManager.confirmTransitionTo(location, action, getUserConfirmation, function (ok) {
            if (!ok) {
                return;
            }
            var path = createPath(location);
            var encodedPath = encodePath(basename + path);
            var hashChanged = getHashPath() !== encodedPath;
            if (hashChanged) {
                ignorePath = path;
                pushHashPath(encodedPath);
                var prevIndex = allPaths.lastIndexOf(createPath(history.location));
                var nextPaths = allPaths.slice(0, prevIndex === -1 ? 0 : prevIndex + 1);
                nextPaths.push(path);
                allPaths = nextPaths;
                setState({ action: action, location: location });
            }
            else {
                warning(false, 'Hash history cannot PUSH the same path; a new entry will not be added to the history stack');
                setState();
            }
        });
    };
    var replace = function (path, state) {
        warning(state === undefined, 'Hash history cannot replace state; it is ignored');
        var action = 'REPLACE';
        var location = createLocation(path, undefined, createKey(keyLength), history.location);
        transitionManager.confirmTransitionTo(location, action, getUserConfirmation, function (ok) {
            if (!ok) {
                return;
            }
            var path = createPath(location);
            var encodedPath = encodePath(basename + path);
            var hashChanged = getHashPath() !== encodedPath;
            if (hashChanged) {
                ignorePath = path;
                replaceHashPath(encodedPath);
            }
            var prevIndex = allPaths.indexOf(createPath(history.location));
            if (prevIndex !== -1) {
                allPaths[prevIndex] = path;
            }
            setState({ action: action, location: location });
        });
    };
    var go = function (n) {
        warning(canGoWithoutReload, 'Hash history go(n) causes a full page reload in this browser');
        globalHistory.go(n);
    };
    var goBack = function () { return go(-1); };
    var goForward = function () { return go(1); };
    var listenerCount = 0;
    var checkDOMListeners = function (delta) {
        listenerCount += delta;
        if (listenerCount === 1) {
            addEventListener(window, HashChangeEvent$1, handleHashChange);
        }
        else if (listenerCount === 0) {
            removeEventListener(window, HashChangeEvent$1, handleHashChange);
        }
    };
    var isBlocked = false;
    var block = function (prompt) {
        if (prompt === void 0) { prompt = ''; }
        var unblock = transitionManager.setPrompt(prompt);
        if (!isBlocked) {
            checkDOMListeners(1);
            isBlocked = true;
        }
        return function () {
            if (isBlocked) {
                isBlocked = false;
                checkDOMListeners(-1);
            }
            return unblock();
        };
    };
    var listen = function (listener) {
        var unlisten = transitionManager.appendListener(listener);
        checkDOMListeners(1);
        return function () {
            checkDOMListeners(-1);
            unlisten();
        };
    };
    var history = {
        length: globalHistory.length,
        action: 'POP',
        location: initialLocation,
        createHref: createHref,
        push: push,
        replace: replace,
        go: go,
        goBack: goBack,
        goForward: goForward,
        block: block,
        listen: listen
    };
    return history;
};
var __awaiter$2 = (undefined && undefined.__awaiter) || function (thisArg, _arguments, P, generator) {
    return new (P || (P = Promise))(function (resolve, reject) {
        function fulfilled(value) {
            try {
                step(generator.next(value));
            }
            catch (e) {
                reject(e);
            }
        }
        function rejected(value) {
            try {
                step(generator["throw"](value));
            }
            catch (e) {
                reject(e);
            }
        }
        function step(result) { result.done ? resolve(result.value) : new P(function (resolve) { resolve(result.value); }).then(fulfilled, rejected); }
        step((generator = generator.apply(thisArg, _arguments || [])).next());
    });
};
function getLocation(location, root) {
    var pathname = location.pathname.indexOf(root) == 0 ?
        "/" + location.pathname.slice(root.length) :
        location.pathname;
    return Object.assign({}, location, { pathname: pathname });
}
var HISTORIES = {
    "browser": createBrowserHistory,
    "hash": createHashHistory
};
var Router = /** @class */ (function () {
    function Router() {
        var _this = this;
        this.root = "/";
        this.historyType = "browser";
        this.titleSuffix = "";
        this.routeViewsUpdated = function (options) {
            if (options === void 0) { options = {}; }
            if (options.scrollToId && _this.historyType === "browser") {
                var element = document.getElementById(options.scrollToId);
                if (element) {
                    return element.scrollIntoView();
                }
            }
            _this.scrollTo(options.scrollTopOffset || _this.scrollTopOffset);
        };
    }
    Router.prototype.componentWillLoad = function () {
        var _this = this;
        this.history = HISTORIES[this.historyType]();
        this.history.listen(function (location) { return __awaiter$2(_this, void 0, void 0, function () {
            return tslib_1.__generator(this, function (_a) {
                location = getLocation(location, this.root);
                this.location = location;
                return [2 /*return*/];
            });
        }); });
        this.location = getLocation(this.history.location, this.root);
    };
    Router.prototype.scrollTo = function (scrollToLocation) {
        var _this = this;
        if (scrollToLocation == null || this.isServer || !this.history) {
            return;
        }
        if (this.history.action === "POP" && Array.isArray(this.history.location.scrollPosition)) {
            return this.queue.write(function () {
                if (_this.history && _this.history.location && Array.isArray(_this.history.location.scrollPosition)) {
                    window.scrollTo(_this.history.location.scrollPosition[0], _this.history.location.scrollPosition[1]);
                }
            });
        }
        return this.queue.write(function () {
            window.scrollTo(0, scrollToLocation);
        });
    };
    Router.prototype.render = function () {
        if (!this.location || !this.history) {
            return;
        }
        var state = {
            historyType: this.historyType,
            location: this.location,
            titleSuffix: this.titleSuffix,
            root: this.root,
            history: this.history,
            routeViewsUpdated: this.routeViewsUpdated
        };
        return (h(ActiveRouter.Provider, { state: state }, h("slot", null)));
    };
    Object.defineProperty(Router, "is", {
        get: function () { return "stencil-router"; },
        enumerable: true,
        configurable: true
    });
    Object.defineProperty(Router, "properties", {
        get: function () {
            return {
                "history": {
                    "state": true
                },
                "historyType": {
                    "type": String,
                    "attr": "history-type"
                },
                "isServer": {
                    "context": "isServer"
                },
                "location": {
                    "state": true
                },
                "queue": {
                    "context": "queue"
                },
                "root": {
                    "type": String,
                    "attr": "root"
                },
                "scrollTopOffset": {
                    "type": Number,
                    "attr": "scroll-top-offset"
                },
                "titleSuffix": {
                    "type": String,
                    "attr": "title-suffix"
                }
            };
        },
        enumerable: true,
        configurable: true
    });
    return Router;
}());
export { AppRoot, Route as StencilRoute, RouteSwitch as StencilRouteSwitch, Router as StencilRouter };
