import { h } from '../app.core.js';
var AppProfile = /** @class */ (function () {
    function AppProfile() {
    }
    AppProfile.prototype.normalize = function (name) {
        if (name) {
            return name.substr(0, 1).toUpperCase() + name.substr(1).toLowerCase();
        }
        return '';
    };
    AppProfile.prototype.render = function () {
        if (this.match && this.match.params.name) {
            return (h("div", { class: "app-profile" }, h("p", null, "Hello! My name is ", this.normalize(this.match.params.name), ". My name was passed in through a route param!")));
        }
    };
    Object.defineProperty(AppProfile, "is", {
        get: function () { return "app-profile"; },
        enumerable: true,
        configurable: true
    });
    Object.defineProperty(AppProfile, "encapsulation", {
        get: function () { return "shadow"; },
        enumerable: true,
        configurable: true
    });
    Object.defineProperty(AppProfile, "properties", {
        get: function () {
            return {
                "match": {
                    "type": "Any",
                    "attr": "match"
                }
            };
        },
        enumerable: true,
        configurable: true
    });
    Object.defineProperty(AppProfile, "style", {
        get: function () { return "/**style-placeholder:app-profile:**/"; },
        enumerable: true,
        configurable: true
    });
    return AppProfile;
}());
export { AppProfile };
